<?xml version="1.0" encoding="UTF-8"?>
<!-- Generated by org.testng.reporters.JUnitReportReporter -->
<testsuite hostname="Surface" failures="0" tests="1" name="tests.ActitimeLoginTest" time="15.619" errors="0" timestamp="2022-12-08T11:00:31 PST" skipped="0">
  <testcase classname="tests.ActitimeLoginTest" name="loginToHotelTestOne" time="15.619"/>
  <system-out/>
</testsuite> <!-- tests.ActitimeLoginTest -->
