<?xml version="1.0" encoding="UTF-8"?>
<!-- Generated by org.testng.reporters.JUnitReportReporter -->
<testsuite hostname="Surface" failures="0" tests="2" name="tests.ActitimeToggleTest" time="13.968" errors="0" timestamp="2022-12-12T15:55:39 PST" skipped="0">
  <testcase classname="tests.ActitimeToggleTest" name="loginToAct" time="8.098"/>
  <system-out/>
  <testcase classname="tests.ActitimeToggleTest" name="testMethod" time="5.870"/>
  <system-out/>
</testsuite> <!-- tests.ActitimeToggleTest -->
