<?xml version="1.0" encoding="UTF-8"?>
<!-- Generated by org.testng.reporters.JUnitReportReporter -->
<testsuite hostname="Surface" failures="0" tests="2" name="tests.ActitimeReportsTest" time="9.993" errors="0" timestamp="2022-12-12T15:45:41 PST" skipped="0">
  <testcase classname="tests.ActitimeReportsTest" name="loginMethod" time="6.935"/>
  <system-out/>
  <testcase classname="tests.ActitimeReportsTest" name="testMethod" time="3.058"/>
  <system-out/>
</testsuite> <!-- tests.ActitimeReportsTest -->
