<?xml version="1.0" encoding="UTF-8"?>
<!-- Generated by org.testng.reporters.JUnitReportReporter -->
<testsuite hostname="Surface" failures="0" tests="2" name="tests.NewTest" time="14.160" errors="0" timestamp="2022-12-08T22:49:36 PST" skipped="0">
  <testcase classname="tests.NewTest" name="testMethod" time="10.031"/>
  <system-out/>
  <testcase classname="tests.NewTest" name="testMethod2" time="4.129"/>
  <system-out/>
</testsuite> <!-- tests.NewTest -->
